2022-08-13 13:35:54.998 | INFO     | db:__init__:23 - Datebase Class Created With <module 'mysql' from '/home/gcpsshkey/.local/lib/python3.6/site-packages/mysql/__init__.py'>
2022-08-13 13:36:10.194 | DEBUG    | main:startScrapperSchdular:38 - startScrapper
2022-08-13 13:36:10.301 | ERROR    | main:Error:58 - 
 HTTPException Error : 500 Internal Server Error: The server encountered an internal error and was unable to complete your request. Either the server is overloaded or there is an error in the application. 

2022-08-13 13:36:10.302 | ERROR    | main:error:70 - 
Error(name, code)->-----------name Internal Server Error   code 500

2022-08-13 13:39:54.621 | ERROR    | main:error:70 - 
Error(name, code)->-----------name Bad Request   code 400

2022-08-13 13:40:41.838 | ERROR    | main:Error:58 - 
 HTTPException Error : 500 Internal Server Error: The server encountered an internal error and was unable to complete your request. Either the server is overloaded or there is an error in the application. 

2022-08-13 13:40:41.847 | ERROR    | main:error:70 - 
Error(name, code)->-----------name Internal Server Error   code 500

2022-08-13 13:40:55.647 | ERROR    | main:error:70 - 
Error(name, code)->-----------name Bad Request   code 400

2022-08-13 13:41:39.370 | ERROR    | main:error:70 - 
Error(name, code)->-----------name Bad Request   code 400

2022-08-13 13:49:35.082 | ERROR    | main:Error:58 - 
 HTTPException Error : 500 Internal Server Error: The server encountered an internal error and was unable to complete your request. Either the server is overloaded or there is an error in the application. 

2022-08-13 13:49:35.089 | ERROR    | main:error:70 - 
Error(name, code)->-----------name Internal Server Error   code 500

2022-08-13 13:53:58.034 | ERROR    | main:error:70 - 
Error(name, code)->-----------name Bad Request   code 400

2022-08-13 13:53:59.715 | ERROR    | main:error:70 - 
Error(name, code)->-----------name Bad Request   code 400

