2022-04-11 16:46:48.953 | INFO     | db:__init__:23 - Datebase Class Created With <module 'mysql' from '/usr/local/lib/python3.9/dist-packages/mysql/__init__.py'>
2022-04-11 16:47:26.220 | DEBUG    | main:startScrapperSchdular:37 - startScrapper
2022-04-11 16:47:26.265 | ERROR    | main:error:67 - 
Error(name, code)->-----------name Bad Request   code 400

2022-04-11 16:56:24.256 | ERROR    | main:error:67 - 
Error(name, code)->-----------name Bad Request   code 400

2022-04-11 16:58:11.205 | ERROR    | main:Error:55 - 
 HTTPException Error : 404 Not Found: The requested URL was not found on the server. If you entered the URL manually please check your spelling and try again. 

2022-04-11 16:58:11.206 | ERROR    | main:error:67 - 
Error(name, code)->-----------name Not Found   code 404

2022-04-11 16:58:48.364 | ERROR    | main:Error:55 - 
 HTTPException Error : 404 Not Found: The requested URL was not found on the server. If you entered the URL manually please check your spelling and try again. 

2022-04-11 16:58:48.364 | ERROR    | main:error:67 - 
Error(name, code)->-----------name Not Found   code 404

2022-04-11 17:07:38.148 | ERROR    | main:error:67 - 
Error(name, code)->-----------name Bad Request   code 400

2022-04-11 17:10:06.436 | ERROR    | main:error:67 - 
Error(name, code)->-----------name Bad Request   code 400

2022-04-11 17:10:18.947 | ERROR    | main:error:67 - 
Error(name, code)->-----------name Bad Request   code 400

2022-04-11 17:14:05.709 | ERROR    | main:error:67 - 
Error(name, code)->-----------name Bad Request   code 400

2022-04-11 17:14:31.204 | ERROR    | main:error:67 - 
Error(name, code)->-----------name Bad Request   code 400

2022-04-11 17:14:35.905 | ERROR    | main:error:67 - 
Error(name, code)->-----------name Bad Request   code 400

2022-04-11 17:25:32.536 | ERROR    | main:error:67 - 
Error(name, code)->-----------name Bad Request   code 400

2022-04-11 17:25:44.260 | ERROR    | main:error:67 - 
Error(name, code)->-----------name Bad Request   code 400

2022-04-11 17:29:41.442 | ERROR    | main:Error:55 - 
 HTTPException Error : 500 Internal Server Error: The server encountered an internal error and was unable to complete your request. Either the server is overloaded or there is an error in the application. 

2022-04-11 17:29:41.443 | ERROR    | main:error:67 - 
Error(name, code)->-----------name Internal Server Error   code 500

2022-04-11 17:33:59.970 | ERROR    | main:Error:55 - 
 HTTPException Error : 500 Internal Server Error: The server encountered an internal error and was unable to complete your request. Either the server is overloaded or there is an error in the application. 

2022-04-11 17:33:59.971 | ERROR    | main:error:67 - 
Error(name, code)->-----------name Internal Server Error   code 500

2022-04-11 17:38:46.619 | ERROR    | main:Error:55 - 
 HTTPException Error : 500 Internal Server Error: The server encountered an internal error and was unable to complete your request. Either the server is overloaded or there is an error in the application. 

2022-04-11 17:38:46.620 | ERROR    | main:error:67 - 
Error(name, code)->-----------name Internal Server Error   code 500

2022-04-11 17:47:27.535 | ERROR    | main:Error:55 - 
 HTTPException Error : 500 Internal Server Error: The server encountered an internal error and was unable to complete your request. Either the server is overloaded or there is an error in the application. 

2022-04-11 17:47:27.535 | ERROR    | main:error:67 - 
Error(name, code)->-----------name Internal Server Error   code 500

2022-04-11 17:47:41.495 | ERROR    | main:Error:55 - 
 HTTPException Error : 500 Internal Server Error: The server encountered an internal error and was unable to complete your request. Either the server is overloaded or there is an error in the application. 

2022-04-11 17:47:41.495 | ERROR    | main:error:67 - 
Error(name, code)->-----------name Internal Server Error   code 500

